<?xml version="1.0" encoding="UTF-8"?>
<coverage generated="1706664764208" clover="3.2.0">
  <project timestamp="1706664764208" name="All files">
    <metrics statements="9" coveredstatements="9" conditionals="2" coveredconditionals="1" methods="2" coveredmethods="2" elements="13" coveredelements="12" complexity="0" loc="9" ncloc="9" packages="1" files="2" classes="2"/>
    <file name="index.tsx" path="/Users/hamzacharafi/Documents/calculate-app/front-app/app/components/DateInput/index.tsx">
      <metrics statements="4" coveredstatements="4" conditionals="0" coveredconditionals="0" methods="1" coveredmethods="1"/>
      <line num="1" count="1" type="stmt"/>
      <line num="2" count="1" type="stmt"/>
      <line num="12" count="1" type="stmt"/>
      <line num="34" count="4" type="stmt"/>
    </file>
    <file name="styles.ts" path="/Users/hamzacharafi/Documents/calculate-app/front-app/app/components/DateInput/styles.ts">
      <metrics statements="5" coveredstatements="5" conditionals="2" coveredconditionals="1" methods="1" coveredmethods="1"/>
      <line num="1" count="1" type="stmt"/>
      <line num="3" count="4" type="stmt"/>
      <line num="8" count="4" type="stmt"/>
      <line num="13" count="4" type="stmt"/>
      <line num="16" count="4" type="cond" truecount="1" falsecount="1"/>
    </file>
  </project>
</coverage>
