{"/Users/hamzacharafi/Documents/calculate-app/front-app/app/components/DateInput/index.tsx": {"path":"/Users/hamzacharafi/Documents/calculate-app/front-app/app/components/DateInput/index.tsx","statementMap":{"0":{"start":{"line":34,"column":0},"end":{"line":34,"column":15}},"1":{"start":{"line":1,"column":18},"end":{"line":1,"column":null}},"2":{"start":{"line":2,"column":56},"end":{"line":2,"column":null}},"3":{"start":{"line":12,"column":44},"end":{"line":32,"column":null}},"4":{"start":{"line":34,"column":15},"end":{"line":34,"column":null}}},"fnMap":{"0":{"name":"(anonymous_2)","decl":{"start":{"line":12,"column":44},"end":{"line":12,"column":45}},"loc":{"start":{"line":18,"column":1},"end":{"line":32,"column":null}}}},"branchMap":{},"s":{"0":4,"1":1,"2":1,"3":1,"4":1},"f":{"0":4},"b":{}}
,"/Users/hamzacharafi/Documents/calculate-app/front-app/app/components/DateInput/styles.ts": {"path":"/Users/hamzacharafi/Documents/calculate-app/front-app/app/components/DateInput/styles.ts","statementMap":{"0":{"start":{"line":3,"column":13},"end":{"line":3,"column":22}},"1":{"start":{"line":13,"column":13},"end":{"line":13,"column":28}},"2":{"start":{"line":8,"column":13},"end":{"line":8,"column":24}},"3":{"start":{"line":1,"column":19},"end":{"line":1,"column":null}},"4":{"start":{"line":3,"column":25},"end":{"line":6,"column":1}},"5":{"start":{"line":8,"column":27},"end":{"line":11,"column":1}},"6":{"start":{"line":13,"column":31},"end":{"line":18,"column":1}},"7":{"start":{"line":16,"column":24},"end":{"line":16,"column":83}}},"fnMap":{"0":{"name":"(anonymous_5)","decl":{"start":{"line":16,"column":12},"end":{"line":16,"column":13}},"loc":{"start":{"line":16,"column":24},"end":{"line":16,"column":83}}}},"branchMap":{"0":{"loc":{"start":{"line":16,"column":24},"end":{"line":16,"column":83}},"type":"cond-expr","locations":[{"start":{"line":16,"column":43},"end":{"line":16,"column":62}},{"start":{"line":16,"column":62},"end":{"line":16,"column":83}}]}},"s":{"0":4,"1":4,"2":4,"3":1,"4":1,"5":1,"6":1,"7":4},"f":{"0":4},"b":{"0":[4,0]}}
}
